c:\users\jefferson rodrigues\onedrive\área de trabalho\aprendendo c ++\stoic\x64\debug\vc143.pdb
c:\users\jefferson rodrigues\onedrive\área de trabalho\aprendendo c ++\stoic\x64\debug\vc143.idb
c:\users\jefferson rodrigues\onedrive\área de trabalho\aprendendo c ++\stoic\x64\debug\exer_aprendizagem 5.obj
c:\users\jefferson rodrigues\onedrive\área de trabalho\aprendendo c ++\stoic\x64\debug\exercicio de aprendizagem 4.obj
c:\users\jefferson rodrigues\desktop\aprendendo c ++\stoic\x64\debug\vc143.pdb
c:\users\jefferson rodrigues\desktop\aprendendo c ++\stoic\x64\debug\vc143.idb
c:\users\jefferson rodrigues\desktop\aprendendo c ++\stoic\x64\debug\exercicio de aprendizagem 4 lab5.obj
c:\users\jefferson rodrigues\desktop\aprendendo c ++\stoic\x64\debug\exercicio de aprendizagem 4 lab5.nativecodeanalysis.sarif
c:\users\jefferson rodrigues\desktop\aprendendo c ++\stoic\x64\debug\exercicio de aprendizagem 4 lab5.nativecodeanalysis.xml
c:\users\jefferson rodrigues\desktop\aprendendo c ++\stoic\x64\debug\ex de aprendizagem 5 .obj
c:\users\jefferson rodrigues\desktop\aprendendo c ++\stoic\x64\debug\execicio de aprendizagem 2 lab5.obj
c:\users\jefferson rodrigues\desktop\aprendendo c ++\stoic\x64\debug\execicio de aprendizagem3.obj
c:\users\jefferson rodrigues\desktop\aprendendo c ++\stoic\x64\debug\exercicio de aprendizagem 3 lab5.obj
c:\users\jefferson rodrigues\desktop\aprendendo c ++\stoic\x64\debug\exercicio de aprendizagem 4.obj
c:\users\jefferson rodrigues\desktop\aprendendo c ++\stoic\x64\debug\exercicio de aprendizagem 6.obj
c:\users\jefferson rodrigues\desktop\aprendendo c ++\stoic\x64\debug\exercicio de fixação 2_lab5.obj
c:\users\jefferson rodrigues\desktop\aprendendo c ++\stoic\x64\debug\exercicio de fixação1.obj
c:\users\jefferson rodrigues\desktop\aprendendo c ++\stoic\x64\debug\exercicio fixação 3_lab5.obj
c:\users\jefferson rodrigues\desktop\aprendendo c ++\stoic\x64\debug\exer_aprendizagem 5.obj
c:\users\jefferson rodrigues\desktop\aprendendo c ++\stoic\x64\debug\lab5_aula1.obj
c:\users\jefferson rodrigues\desktop\aprendendo c ++\stoic\x64\debug\exercicio de fixação 2_lab5.obj.enc
c:\users\jefferson rodrigues\desktop\aprendendo c ++\stoic\x64\debug\stoic.ilk
c:\users\jefferson rodrigues\desktop\aprendendo c ++\stoic\x64\debug\nativecodeanalysis.read.1.tlog
c:\users\jefferson rodrigues\desktop\aprendendo c ++\stoic\x64\debug\stoic.pdb
c:\users\jefferson rodrigues\desktop\aprendendo c ++\stoic\x64\debug\vc.nativecodeanalysis.all.xml
c:\users\jefferson rodrigues\desktop\aprendendo c ++\stoic\x64\debug\stoic.exe
c:\users\jefferson rodrigues\desktop\aprendendo c ++\stoic\x64\debug\stoic.exe.lastcodeanalysissucceeded
c:\users\jefferson rodrigues\desktop\aprendendo c ++\stoic\x64\debug\stoic.tlog\cl.command.1.tlog
c:\users\jefferson rodrigues\desktop\aprendendo c ++\stoic\x64\debug\stoic.tlog\cl.items.tlog
c:\users\jefferson rodrigues\desktop\aprendendo c ++\stoic\x64\debug\stoic.tlog\cl.read.1.tlog
c:\users\jefferson rodrigues\desktop\aprendendo c ++\stoic\x64\debug\stoic.tlog\cl.write.1.tlog
c:\users\jefferson rodrigues\desktop\aprendendo c ++\stoic\x64\debug\stoic.tlog\link.command.1.tlog
c:\users\jefferson rodrigues\desktop\aprendendo c ++\stoic\x64\debug\stoic.tlog\link.read.1.tlog
c:\users\jefferson rodrigues\desktop\aprendendo c ++\stoic\x64\debug\stoic.tlog\link.write.1.tlog
